2014-03-12 10:45:36,138 [http-bio-8080-exec-5] ERROR StackTrace  - Full Stack Trace:
java.lang.RuntimeException: Error initializing GroovyPageView
	at org.codehaus.groovy.grails.web.servlet.view.GrailsViewResolver.createGroovyPageView(GrailsViewResolver.java:185)
	at org.codehaus.groovy.grails.web.servlet.view.GrailsViewResolver.createGrailsView(GrailsViewResolver.java:166)
	at org.codehaus.groovy.grails.web.servlet.view.GrailsViewResolver.loadView(GrailsViewResolver.java:91)
	at org.springframework.web.servlet.view.AbstractCachingViewResolver.createView(AbstractCachingViewResolver.java:241)
	at org.springframework.web.servlet.view.UrlBasedViewResolver.createView(UrlBasedViewResolver.java:401)
	at org.springframework.web.servlet.view.AbstractCachingViewResolver.resolveViewName(AbstractCachingViewResolver.java:143)
	at org.codehaus.groovy.grails.web.servlet.view.GrailsViewResolver.resolveViewName(GrailsViewResolver.java:80)
	at org.springframework.web.servlet.DispatcherServlet.resolveViewName(DispatcherServlet.java:1239)
	at org.springframework.web.servlet.DispatcherServlet.render(DispatcherServlet.java:1188)
	at org.codehaus.groovy.grails.web.servlet.GrailsDispatcherServlet.doDispatch(GrailsDispatcherServlet.java:395)
	at org.springframework.web.servlet.DispatcherServlet.doService(DispatcherServlet.java:856)
	at org.springframework.web.servlet.FrameworkServlet.processRequest(FrameworkServlet.java:953)
	at org.springframework.web.servlet.FrameworkServlet.doGet(FrameworkServlet.java:844)
	at javax.servlet.http.HttpServlet.service(HttpServlet.java:621)
	at org.springframework.web.servlet.FrameworkServlet.service(FrameworkServlet.java:829)
	at javax.servlet.http.HttpServlet.service(HttpServlet.java:728)
	at org.apache.catalina.core.ApplicationFilterChain.internalDoFilter(ApplicationFilterChain.java:305)
	at org.apache.catalina.core.ApplicationFilterChain.doFilter(ApplicationFilterChain.java:210)
	at grails.plugin.cache.web.filter.PageFragmentCachingFilter.doFilter(PageFragmentCachingFilter.java:200)
	at grails.plugin.cache.web.filter.AbstractFilter.doFilter(AbstractFilter.java:63)
	at org.springframework.web.filter.DelegatingFilterProxy.invokeDelegate(DelegatingFilterProxy.java:343)
	at org.springframework.web.filter.DelegatingFilterProxy.doFilter(DelegatingFilterProxy.java:260)
	at org.apache.catalina.core.ApplicationFilterChain.internalDoFilter(ApplicationFilterChain.java:243)
	at org.apache.catalina.core.ApplicationFilterChain.doFilter(ApplicationFilterChain.java:210)
	at org.springframework.web.filter.OncePerRequestFilter.doFilter(OncePerRequestFilter.java:101)
	at org.apache.catalina.core.ApplicationFilterChain.internalDoFilter(ApplicationFilterChain.java:243)
	at org.apache.catalina.core.ApplicationFilterChain.doFilter(ApplicationFilterChain.java:210)
	at org.springframework.web.filter.OncePerRequestFilter.doFilter(OncePerRequestFilter.java:101)
	at org.apache.catalina.core.ApplicationFilterChain.internalDoFilter(ApplicationFilterChain.java:243)
	at org.apache.catalina.core.ApplicationFilterChain.doFilter(ApplicationFilterChain.java:210)
	at org.springframework.web.filter.OncePerRequestFilter.doFilter(OncePerRequestFilter.java:101)
	at org.apache.catalina.core.ApplicationFilterChain.internalDoFilter(ApplicationFilterChain.java:243)
	at org.apache.catalina.core.ApplicationFilterChain.doFilter(ApplicationFilterChain.java:210)
	at org.apache.catalina.core.ApplicationDispatcher.invoke(ApplicationDispatcher.java:749)
	at org.apache.catalina.core.ApplicationDispatcher.processRequest(ApplicationDispatcher.java:487)
	at org.apache.catalina.core.ApplicationDispatcher.doForward(ApplicationDispatcher.java:412)
	at org.apache.catalina.core.ApplicationDispatcher.forward(ApplicationDispatcher.java:339)
	at org.codehaus.groovy.grails.web.util.WebUtils.forwardRequestForUrlMappingInfo(WebUtils.java:330)
	at org.codehaus.groovy.grails.web.util.WebUtils.forwardRequestForUrlMappingInfo(WebUtils.java:295)
	at org.codehaus.groovy.grails.web.util.WebUtils.forwardRequestForUrlMappingInfo(WebUtils.java:286)
	at org.codehaus.groovy.grails.web.mapping.filter.UrlMappingsFilter.doFilterInternal(UrlMappingsFilter.java:217)
	at org.springframework.web.filter.OncePerRequestFilter.doFilter(OncePerRequestFilter.java:107)
	at org.apache.catalina.core.ApplicationFilterChain.internalDoFilter(ApplicationFilterChain.java:243)
	at org.apache.catalina.core.ApplicationFilterChain.doFilter(ApplicationFilterChain.java:210)
	at org.codehaus.groovy.grails.web.sitemesh.GrailsPageFilter.executeFilterChainWithWrappedResponse(GrailsPageFilter.java:233)
	at org.codehaus.groovy.grails.web.sitemesh.GrailsPageFilter.obtainContent(GrailsPageFilter.java:208)
	at org.codehaus.groovy.grails.web.sitemesh.GrailsPageFilter.doFilter(GrailsPageFilter.java:153)
	at org.apache.catalina.core.ApplicationFilterChain.internalDoFilter(ApplicationFilterChain.java:243)
	at org.apache.catalina.core.ApplicationFilterChain.doFilter(ApplicationFilterChain.java:210)
	at javax.servlet.FilterChain$doFilter.call(Unknown Source)
	at org.grails.plugin.resource.DevModeSanityFilter.doFilter(DevModeSanityFilter.groovy:45)
	at org.apache.catalina.core.ApplicationFilterChain.internalDoFilter(ApplicationFilterChain.java:243)
	at org.apache.catalina.core.ApplicationFilterChain.doFilter(ApplicationFilterChain.java:210)
	at org.codehaus.groovy.grails.web.servlet.mvc.GrailsWebRequestFilter.doFilterInternal(GrailsWebRequestFilter.java:69)
	at org.springframework.web.filter.OncePerRequestFilter.doFilter(OncePerRequestFilter.java:107)
	at org.apache.catalina.core.ApplicationFilterChain.internalDoFilter(ApplicationFilterChain.java:243)
	at org.apache.catalina.core.ApplicationFilterChain.doFilter(ApplicationFilterChain.java:210)
	at org.codehaus.groovy.grails.web.filters.HiddenHttpMethodFilter.doFilterInternal(HiddenHttpMethodFilter.java:67)
	at org.springframework.web.filter.OncePerRequestFilter.doFilter(OncePerRequestFilter.java:107)
	at org.apache.catalina.core.ApplicationFilterChain.internalDoFilter(ApplicationFilterChain.java:243)
	at org.apache.catalina.core.ApplicationFilterChain.doFilter(ApplicationFilterChain.java:210)
	at org.springframework.web.filter.CharacterEncodingFilter.doFilterInternal(CharacterEncodingFilter.java:88)
	at org.springframework.web.filter.OncePerRequestFilter.doFilter(OncePerRequestFilter.java:107)
	at org.springframework.web.filter.DelegatingFilterProxy.invokeDelegate(DelegatingFilterProxy.java:343)
	at org.springframework.web.filter.DelegatingFilterProxy.doFilter(DelegatingFilterProxy.java:260)
	at org.apache.catalina.core.ApplicationFilterChain.internalDoFilter(ApplicationFilterChain.java:243)
	at org.apache.catalina.core.ApplicationFilterChain.doFilter(ApplicationFilterChain.java:210)
	at org.apache.catalina.core.StandardWrapperValve.invoke(StandardWrapperValve.java:222)
	at org.apache.catalina.core.StandardContextValve.invoke(StandardContextValve.java:123)
	at org.apache.catalina.core.StandardHostValve.invoke(StandardHostValve.java:171)
	at org.apache.catalina.valves.ErrorReportValve.invoke(ErrorReportValve.java:100)
	at org.apache.catalina.core.StandardEngineValve.invoke(StandardEngineValve.java:118)
	at org.apache.catalina.connector.CoyoteAdapter.service(CoyoteAdapter.java:409)
	at org.apache.coyote.http11.AbstractHttp11Processor.process(AbstractHttp11Processor.java:1044)
	at org.apache.coyote.AbstractProtocol$AbstractConnectionHandler.process(AbstractProtocol.java:607)
	at org.apache.tomcat.util.net.JIoEndpoint$SocketProcessor.run(JIoEndpoint.java:313)
	at java.util.concurrent.ThreadPoolExecutor$Worker.runTask(ThreadPoolExecutor.java:895)
	at java.util.concurrent.ThreadPoolExecutor$Worker.run(ThreadPoolExecutor.java:918)
	at java.lang.Thread.run(Thread.java:695)
Caused by: org.codehaus.groovy.grails.web.taglib.exceptions.GrailsTagException: Attribute value must be quoted (var="post" in=${posts}").
	at org.codehaus.groovy.grails.web.pages.GroovyPageParser.populateMapWithAttributes(GroovyPageParser.java:1220)
	at org.codehaus.groovy.grails.web.pages.GroovyPageParser.startTag(GroovyPageParser.java:1091)
	at org.codehaus.groovy.grails.web.pages.GroovyPageParser.page(GroovyPageParser.java:843)
	at org.codehaus.groovy.grails.web.pages.GroovyPageParser.generateGsp(GroovyPageParser.java:405)
	at org.codehaus.groovy.grails.web.pages.GroovyPageParser.parse(GroovyPageParser.java:361)
	at org.codehaus.groovy.grails.web.pages.GroovyPagesTemplateEngine.buildPageMetaInfo(GroovyPagesTemplateEngine.java:562)
	at org.codehaus.groovy.grails.web.pages.GroovyPagesTemplateEngine.createTemplate(GroovyPagesTemplateEngine.java:470)
	at org.codehaus.groovy.grails.web.pages.GroovyPagesTemplateEngine.createTemplateWithResource(GroovyPagesTemplateEngine.java:452)
	at org.codehaus.groovy.grails.web.pages.GroovyPagesTemplateEngine.createTemplate(GroovyPagesTemplateEngine.java:267)
	at org.codehaus.groovy.grails.web.pages.GroovyPagesTemplateEngine.createTemplate(GroovyPagesTemplateEngine.java:347)
	at org.codehaus.groovy.grails.web.pages.GroovyPagesTemplateEngine.createTemplateForUri(GroovyPagesTemplateEngine.java:319)
	at org.codehaus.groovy.grails.web.pages.GroovyPagesTemplateEngine.createTemplateForUri(GroovyPagesTemplateEngine.java:312)
	at org.codehaus.groovy.grails.web.pages.GroovyPagesTemplateEngine.createTemplate(GroovyPagesTemplateEngine.java:283)
	at org.codehaus.groovy.grails.web.servlet.view.GroovyPageView.createGroovyPageException(GroovyPageView.java:186)
	at org.codehaus.groovy.grails.web.servlet.view.GroovyPageView.handleException(GroovyPageView.java:182)
	at org.codehaus.groovy.grails.web.servlet.view.GroovyPageView.afterPropertiesSet(GroovyPageView.java:241)
	at org.codehaus.groovy.grails.web.servlet.view.GrailsViewResolver.createGroovyPageView(GrailsViewResolver.java:183)
	... 78 more
2014-03-12 10:45:36,160 [http-bio-8080-exec-5] ERROR StackTrace  - Full Stack Trace:
org.codehaus.groovy.grails.web.taglib.exceptions.GrailsTagException: Attribute value must be quoted (var="post" in=${posts}").
	at org.codehaus.groovy.grails.web.pages.GroovyPageParser.populateMapWithAttributes(GroovyPageParser.java:1220)
	at org.codehaus.groovy.grails.web.pages.GroovyPageParser.startTag(GroovyPageParser.java:1091)
	at org.codehaus.groovy.grails.web.pages.GroovyPageParser.page(GroovyPageParser.java:843)
	at org.codehaus.groovy.grails.web.pages.GroovyPageParser.generateGsp(GroovyPageParser.java:405)
	at org.codehaus.groovy.grails.web.pages.GroovyPageParser.parse(GroovyPageParser.java:361)
	at org.codehaus.groovy.grails.web.pages.GroovyPagesTemplateEngine.buildPageMetaInfo(GroovyPagesTemplateEngine.java:562)
	at org.codehaus.groovy.grails.web.pages.GroovyPagesTemplateEngine.createTemplate(GroovyPagesTemplateEngine.java:470)
	at org.codehaus.groovy.grails.web.pages.GroovyPagesTemplateEngine.createTemplateWithResource(GroovyPagesTemplateEngine.java:452)
	at org.codehaus.groovy.grails.web.pages.GroovyPagesTemplateEngine.createTemplate(GroovyPagesTemplateEngine.java:267)
	at org.codehaus.groovy.grails.web.pages.GroovyPagesTemplateEngine.createTemplate(GroovyPagesTemplateEngine.java:347)
	at org.codehaus.groovy.grails.web.pages.GroovyPagesTemplateEngine.createTemplateForUri(GroovyPagesTemplateEngine.java:319)
	at org.codehaus.groovy.grails.web.pages.GroovyPagesTemplateEngine.createTemplateForUri(GroovyPagesTemplateEngine.java:312)
	at org.codehaus.groovy.grails.web.pages.GroovyPagesTemplateEngine.createTemplate(GroovyPagesTemplateEngine.java:283)
	at org.codehaus.groovy.grails.web.servlet.view.GroovyPageView.createGroovyPageException(GroovyPageView.java:186)
	at org.codehaus.groovy.grails.web.servlet.view.GroovyPageView.handleException(GroovyPageView.java:182)
	at org.codehaus.groovy.grails.web.servlet.view.GroovyPageView.afterPropertiesSet(GroovyPageView.java:241)
	at org.codehaus.groovy.grails.web.servlet.view.GrailsViewResolver.createGroovyPageView(GrailsViewResolver.java:183)
	at org.codehaus.groovy.grails.web.servlet.view.GrailsViewResolver.createGrailsView(GrailsViewResolver.java:166)
	at org.codehaus.groovy.grails.web.servlet.view.GrailsViewResolver.loadView(GrailsViewResolver.java:91)
	at org.springframework.web.servlet.view.AbstractCachingViewResolver.createView(AbstractCachingViewResolver.java:241)
	at org.springframework.web.servlet.view.UrlBasedViewResolver.createView(UrlBasedViewResolver.java:401)
	at org.springframework.web.servlet.view.AbstractCachingViewResolver.resolveViewName(AbstractCachingViewResolver.java:143)
	at org.codehaus.groovy.grails.web.servlet.view.GrailsViewResolver.resolveViewName(GrailsViewResolver.java:80)
	at org.springframework.web.servlet.DispatcherServlet.resolveViewName(DispatcherServlet.java:1239)
	at org.springframework.web.servlet.DispatcherServlet.render(DispatcherServlet.java:1188)
	at org.codehaus.groovy.grails.web.servlet.GrailsDispatcherServlet.doDispatch(GrailsDispatcherServlet.java:395)
	at org.springframework.web.servlet.DispatcherServlet.doService(DispatcherServlet.java:856)
	at org.springframework.web.servlet.FrameworkServlet.processRequest(FrameworkServlet.java:953)
	at org.springframework.web.servlet.FrameworkServlet.doGet(FrameworkServlet.java:844)
	at javax.servlet.http.HttpServlet.service(HttpServlet.java:621)
	at org.springframework.web.servlet.FrameworkServlet.service(FrameworkServlet.java:829)
	at javax.servlet.http.HttpServlet.service(HttpServlet.java:728)
	at org.apache.catalina.core.ApplicationFilterChain.internalDoFilter(ApplicationFilterChain.java:305)
	at org.apache.catalina.core.ApplicationFilterChain.doFilter(ApplicationFilterChain.java:210)
	at grails.plugin.cache.web.filter.PageFragmentCachingFilter.doFilter(PageFragmentCachingFilter.java:200)
	at grails.plugin.cache.web.filter.AbstractFilter.doFilter(AbstractFilter.java:63)
	at org.springframework.web.filter.DelegatingFilterProxy.invokeDelegate(DelegatingFilterProxy.java:343)
	at org.springframework.web.filter.DelegatingFilterProxy.doFilter(DelegatingFilterProxy.java:260)
	at org.apache.catalina.core.ApplicationFilterChain.internalDoFilter(ApplicationFilterChain.java:243)
	at org.apache.catalina.core.ApplicationFilterChain.doFilter(ApplicationFilterChain.java:210)
	at org.springframework.web.filter.OncePerRequestFilter.doFilter(OncePerRequestFilter.java:101)
	at org.apache.catalina.core.ApplicationFilterChain.internalDoFilter(ApplicationFilterChain.java:243)
	at org.apache.catalina.core.ApplicationFilterChain.doFilter(ApplicationFilterChain.java:210)
	at org.springframework.web.filter.OncePerRequestFilter.doFilter(OncePerRequestFilter.java:101)
	at org.apache.catalina.core.ApplicationFilterChain.internalDoFilter(ApplicationFilterChain.java:243)
	at org.apache.catalina.core.ApplicationFilterChain.doFilter(ApplicationFilterChain.java:210)
	at org.springframework.web.filter.OncePerRequestFilter.doFilter(OncePerRequestFilter.java:101)
	at org.apache.catalina.core.ApplicationFilterChain.internalDoFilter(ApplicationFilterChain.java:243)
	at org.apache.catalina.core.ApplicationFilterChain.doFilter(ApplicationFilterChain.java:210)
	at org.apache.catalina.core.ApplicationDispatcher.invoke(ApplicationDispatcher.java:749)
	at org.apache.catalina.core.ApplicationDispatcher.processRequest(ApplicationDispatcher.java:487)
	at org.apache.catalina.core.ApplicationDispatcher.doForward(ApplicationDispatcher.java:412)
	at org.apache.catalina.core.ApplicationDispatcher.forward(ApplicationDispatcher.java:339)
	at org.codehaus.groovy.grails.web.util.WebUtils.forwardRequestForUrlMappingInfo(WebUtils.java:330)
	at org.codehaus.groovy.grails.web.util.WebUtils.forwardRequestForUrlMappingInfo(WebUtils.java:295)
	at org.codehaus.groovy.grails.web.util.WebUtils.forwardRequestForUrlMappingInfo(WebUtils.java:286)
	at org.codehaus.groovy.grails.web.mapping.filter.UrlMappingsFilter.doFilterInternal(UrlMappingsFilter.java:217)
	at org.springframework.web.filter.OncePerRequestFilter.doFilter(OncePerRequestFilter.java:107)
	at org.apache.catalina.core.ApplicationFilterChain.internalDoFilter(ApplicationFilterChain.java:243)
	at org.apache.catalina.core.ApplicationFilterChain.doFilter(ApplicationFilterChain.java:210)
	at org.codehaus.groovy.grails.web.sitemesh.GrailsPageFilter.executeFilterChainWithWrappedResponse(GrailsPageFilter.java:233)
	at org.codehaus.groovy.grails.web.sitemesh.GrailsPageFilter.obtainContent(GrailsPageFilter.java:208)
	at org.codehaus.groovy.grails.web.sitemesh.GrailsPageFilter.doFilter(GrailsPageFilter.java:153)
	at org.apache.catalina.core.ApplicationFilterChain.internalDoFilter(ApplicationFilterChain.java:243)
	at org.apache.catalina.core.ApplicationFilterChain.doFilter(ApplicationFilterChain.java:210)
	at javax.servlet.FilterChain$doFilter.call(Unknown Source)
	at org.grails.plugin.resource.DevModeSanityFilter.doFilter(DevModeSanityFilter.groovy:45)
	at org.apache.catalina.core.ApplicationFilterChain.internalDoFilter(ApplicationFilterChain.java:243)
	at org.apache.catalina.core.ApplicationFilterChain.doFilter(ApplicationFilterChain.java:210)
	at org.codehaus.groovy.grails.web.servlet.mvc.GrailsWebRequestFilter.doFilterInternal(GrailsWebRequestFilter.java:69)
	at org.springframework.web.filter.OncePerRequestFilter.doFilter(OncePerRequestFilter.java:107)
	at org.apache.catalina.core.ApplicationFilterChain.internalDoFilter(ApplicationFilterChain.java:243)
	at org.apache.catalina.core.ApplicationFilterChain.doFilter(ApplicationFilterChain.java:210)
	at org.codehaus.groovy.grails.web.filters.HiddenHttpMethodFilter.doFilterInternal(HiddenHttpMethodFilter.java:67)
	at org.springframework.web.filter.OncePerRequestFilter.doFilter(OncePerRequestFilter.java:107)
	at org.apache.catalina.core.ApplicationFilterChain.internalDoFilter(ApplicationFilterChain.java:243)
	at org.apache.catalina.core.ApplicationFilterChain.doFilter(ApplicationFilterChain.java:210)
	at org.springframework.web.filter.CharacterEncodingFilter.doFilterInternal(CharacterEncodingFilter.java:88)
	at org.springframework.web.filter.OncePerRequestFilter.doFilter(OncePerRequestFilter.java:107)
	at org.springframework.web.filter.DelegatingFilterProxy.invokeDelegate(DelegatingFilterProxy.java:343)
	at org.springframework.web.filter.DelegatingFilterProxy.doFilter(DelegatingFilterProxy.java:260)
	at org.apache.catalina.core.ApplicationFilterChain.internalDoFilter(ApplicationFilterChain.java:243)
	at org.apache.catalina.core.ApplicationFilterChain.doFilter(ApplicationFilterChain.java:210)
	at org.apache.catalina.core.StandardWrapperValve.invoke(StandardWrapperValve.java:222)
	at org.apache.catalina.core.StandardContextValve.invoke(StandardContextValve.java:123)
	at org.apache.catalina.core.StandardHostValve.invoke(StandardHostValve.java:171)
	at org.apache.catalina.valves.ErrorReportValve.invoke(ErrorReportValve.java:100)
	at org.apache.catalina.core.StandardEngineValve.invoke(StandardEngineValve.java:118)
	at org.apache.catalina.connector.CoyoteAdapter.service(CoyoteAdapter.java:409)
	at org.apache.coyote.http11.AbstractHttp11Processor.process(AbstractHttp11Processor.java:1044)
	at org.apache.coyote.AbstractProtocol$AbstractConnectionHandler.process(AbstractProtocol.java:607)
	at org.apache.tomcat.util.net.JIoEndpoint$SocketProcessor.run(JIoEndpoint.java:313)
	at java.util.concurrent.ThreadPoolExecutor$Worker.runTask(ThreadPoolExecutor.java:895)
	at java.util.concurrent.ThreadPoolExecutor$Worker.run(ThreadPoolExecutor.java:918)
	at java.lang.Thread.run(Thread.java:695)
2014-03-12 10:45:36,161 [http-bio-8080-exec-5] ERROR StackTrace  - Full Stack Trace:
java.lang.RuntimeException: Error initializing GroovyPageView
	at grails.plugin.cache.web.filter.PageFragmentCachingFilter.doFilter(PageFragmentCachingFilter.java:200)
	at grails.plugin.cache.web.filter.AbstractFilter.doFilter(AbstractFilter.java:63)
	at java.util.concurrent.ThreadPoolExecutor$Worker.runTask(ThreadPoolExecutor.java:895)
	at java.util.concurrent.ThreadPoolExecutor$Worker.run(ThreadPoolExecutor.java:918)
	at java.lang.Thread.run(Thread.java:695)
Caused by: org.codehaus.groovy.grails.web.taglib.exceptions.GrailsTagException: Attribute value must be quoted (var="post" in=${posts}").
	... 5 more
2014-03-12 10:45:36,168 [http-bio-8080-exec-5] ERROR StackTrace  - Full Stack Trace:
java.lang.RuntimeException: Error initializing GroovyPageView
	at grails.plugin.cache.web.filter.PageFragmentCachingFilter.doFilter(PageFragmentCachingFilter.java:200)
	at grails.plugin.cache.web.filter.AbstractFilter.doFilter(AbstractFilter.java:63)
	at java.util.concurrent.ThreadPoolExecutor$Worker.runTask(ThreadPoolExecutor.java:895)
	at java.util.concurrent.ThreadPoolExecutor$Worker.run(ThreadPoolExecutor.java:918)
	at java.lang.Thread.run(Thread.java:695)
Caused by: org.codehaus.groovy.grails.web.taglib.exceptions.GrailsTagException: Attribute value must be quoted (var="post" in=${posts}").
	... 5 more
2014-03-12 10:45:36,168 [http-bio-8080-exec-5] ERROR StackTrace  - Full Stack Trace:
org.codehaus.groovy.grails.web.taglib.exceptions.GrailsTagException: Attribute value must be quoted (var="post" in=${posts}").
	at grails.plugin.cache.web.filter.PageFragmentCachingFilter.doFilter(PageFragmentCachingFilter.java:200)
	at grails.plugin.cache.web.filter.AbstractFilter.doFilter(AbstractFilter.java:63)
	at java.util.concurrent.ThreadPoolExecutor$Worker.runTask(ThreadPoolExecutor.java:895)
	at java.util.concurrent.ThreadPoolExecutor$Worker.run(ThreadPoolExecutor.java:918)
	at java.lang.Thread.run(Thread.java:695)
2014-03-12 10:45:36,168 [http-bio-8080-exec-5] ERROR StackTrace  - Full Stack Trace:
java.lang.RuntimeException: Error initializing GroovyPageView
	at grails.plugin.cache.web.filter.PageFragmentCachingFilter.doFilter(PageFragmentCachingFilter.java:200)
	at grails.plugin.cache.web.filter.AbstractFilter.doFilter(AbstractFilter.java:63)
	at java.util.concurrent.ThreadPoolExecutor$Worker.runTask(ThreadPoolExecutor.java:895)
	at java.util.concurrent.ThreadPoolExecutor$Worker.run(ThreadPoolExecutor.java:918)
	at java.lang.Thread.run(Thread.java:695)
Caused by: org.codehaus.groovy.grails.web.taglib.exceptions.GrailsTagException: Attribute value must be quoted (var="post" in=${posts}").
	... 5 more
2014-03-12 10:45:36,168 [http-bio-8080-exec-5] ERROR StackTrace  - Full Stack Trace:
java.lang.RuntimeException: Error initializing GroovyPageView
	at grails.plugin.cache.web.filter.PageFragmentCachingFilter.doFilter(PageFragmentCachingFilter.java:200)
	at grails.plugin.cache.web.filter.AbstractFilter.doFilter(AbstractFilter.java:63)
	at java.util.concurrent.ThreadPoolExecutor$Worker.runTask(ThreadPoolExecutor.java:895)
	at java.util.concurrent.ThreadPoolExecutor$Worker.run(ThreadPoolExecutor.java:918)
	at java.lang.Thread.run(Thread.java:695)
Caused by: org.codehaus.groovy.grails.web.taglib.exceptions.GrailsTagException: Attribute value must be quoted (var="post" in=${posts}").
	... 5 more
2014-03-12 10:45:36,168 [http-bio-8080-exec-5] ERROR StackTrace  - Full Stack Trace:
org.codehaus.groovy.grails.web.taglib.exceptions.GrailsTagException: Attribute value must be quoted (var="post" in=${posts}").
	at grails.plugin.cache.web.filter.PageFragmentCachingFilter.doFilter(PageFragmentCachingFilter.java:200)
	at grails.plugin.cache.web.filter.AbstractFilter.doFilter(AbstractFilter.java:63)
	at java.util.concurrent.ThreadPoolExecutor$Worker.runTask(ThreadPoolExecutor.java:895)
	at java.util.concurrent.ThreadPoolExecutor$Worker.run(ThreadPoolExecutor.java:918)
	at java.lang.Thread.run(Thread.java:695)
2014-03-12 10:45:36,168 [http-bio-8080-exec-5] ERROR StackTrace  - Full Stack Trace:
java.lang.RuntimeException: Error initializing GroovyPageView
	at grails.plugin.cache.web.filter.PageFragmentCachingFilter.doFilter(PageFragmentCachingFilter.java:200)
	at grails.plugin.cache.web.filter.AbstractFilter.doFilter(AbstractFilter.java:63)
	at java.util.concurrent.ThreadPoolExecutor$Worker.runTask(ThreadPoolExecutor.java:895)
	at java.util.concurrent.ThreadPoolExecutor$Worker.run(ThreadPoolExecutor.java:918)
	at java.lang.Thread.run(Thread.java:695)
Caused by: org.codehaus.groovy.grails.web.taglib.exceptions.GrailsTagException: Attribute value must be quoted (var="post" in=${posts}").
	... 5 more
2014-03-12 10:48:23,561 [http-bio-8080-exec-3] ERROR StackTrace  - Full Stack Trace:
org.codehaus.groovy.grails.web.mapping.exceptions.UrlMappingException: Error mapping onto view [/index]: Error initializing GroovyPageView
	at org.codehaus.groovy.grails.web.mapping.filter.UrlMappingsFilter.renderViewForUrlMappingInfo(UrlMappingsFilter.java:421)
	at org.codehaus.groovy.grails.web.mapping.filter.UrlMappingsFilter.doFilterInternal(UrlMappingsFilter.java:223)
	at org.springframework.web.filter.OncePerRequestFilter.doFilter(OncePerRequestFilter.java:107)
	at org.apache.catalina.core.ApplicationFilterChain.internalDoFilter(ApplicationFilterChain.java:243)
	at org.apache.catalina.core.ApplicationFilterChain.doFilter(ApplicationFilterChain.java:210)
	at org.codehaus.groovy.grails.web.sitemesh.GrailsPageFilter.executeFilterChainWithWrappedResponse(GrailsPageFilter.java:233)
	at org.codehaus.groovy.grails.web.sitemesh.GrailsPageFilter.obtainContent(GrailsPageFilter.java:208)
	at org.codehaus.groovy.grails.web.sitemesh.GrailsPageFilter.doFilter(GrailsPageFilter.java:153)
	at org.apache.catalina.core.ApplicationFilterChain.internalDoFilter(ApplicationFilterChain.java:243)
	at org.apache.catalina.core.ApplicationFilterChain.doFilter(ApplicationFilterChain.java:210)
	at javax.servlet.FilterChain$doFilter.call(Unknown Source)
	at org.grails.plugin.resource.DevModeSanityFilter.doFilter(DevModeSanityFilter.groovy:45)
	at org.apache.catalina.core.ApplicationFilterChain.internalDoFilter(ApplicationFilterChain.java:243)
	at org.apache.catalina.core.ApplicationFilterChain.doFilter(ApplicationFilterChain.java:210)
	at org.codehaus.groovy.grails.web.servlet.mvc.GrailsWebRequestFilter.doFilterInternal(GrailsWebRequestFilter.java:69)
	at org.springframework.web.filter.OncePerRequestFilter.doFilter(OncePerRequestFilter.java:107)
	at org.apache.catalina.core.ApplicationFilterChain.internalDoFilter(ApplicationFilterChain.java:243)
	at org.apache.catalina.core.ApplicationFilterChain.doFilter(ApplicationFilterChain.java:210)
	at org.codehaus.groovy.grails.web.filters.HiddenHttpMethodFilter.doFilterInternal(HiddenHttpMethodFilter.java:67)
	at org.springframework.web.filter.OncePerRequestFilter.doFilter(OncePerRequestFilter.java:107)
	at org.apache.catalina.core.ApplicationFilterChain.internalDoFilter(ApplicationFilterChain.java:243)
	at org.apache.catalina.core.ApplicationFilterChain.doFilter(ApplicationFilterChain.java:210)
	at org.springframework.web.filter.CharacterEncodingFilter.doFilterInternal(CharacterEncodingFilter.java:88)
	at org.springframework.web.filter.OncePerRequestFilter.doFilter(OncePerRequestFilter.java:107)
	at org.springframework.web.filter.DelegatingFilterProxy.invokeDelegate(DelegatingFilterProxy.java:343)
	at org.springframework.web.filter.DelegatingFilterProxy.doFilter(DelegatingFilterProxy.java:260)
	at org.apache.catalina.core.ApplicationFilterChain.internalDoFilter(ApplicationFilterChain.java:243)
	at org.apache.catalina.core.ApplicationFilterChain.doFilter(ApplicationFilterChain.java:210)
	at org.apache.catalina.core.StandardWrapperValve.invoke(StandardWrapperValve.java:222)
	at org.apache.catalina.core.StandardContextValve.invoke(StandardContextValve.java:123)
	at org.apache.catalina.core.StandardHostValve.invoke(StandardHostValve.java:171)
	at org.apache.catalina.valves.ErrorReportValve.invoke(ErrorReportValve.java:100)
	at org.apache.catalina.core.StandardEngineValve.invoke(StandardEngineValve.java:118)
	at org.apache.catalina.connector.CoyoteAdapter.service(CoyoteAdapter.java:409)
	at org.apache.coyote.http11.AbstractHttp11Processor.process(AbstractHttp11Processor.java:1044)
	at org.apache.coyote.AbstractProtocol$AbstractConnectionHandler.process(AbstractProtocol.java:607)
	at org.apache.tomcat.util.net.JIoEndpoint$SocketProcessor.run(JIoEndpoint.java:313)
	at java.util.concurrent.ThreadPoolExecutor$Worker.runTask(ThreadPoolExecutor.java:895)
	at java.util.concurrent.ThreadPoolExecutor$Worker.run(ThreadPoolExecutor.java:918)
	at java.lang.Thread.run(Thread.java:695)
Caused by: java.lang.RuntimeException: Error initializing GroovyPageView
	at org.codehaus.groovy.grails.web.servlet.view.GrailsViewResolver.createGroovyPageView(GrailsViewResolver.java:185)
	at org.codehaus.groovy.grails.web.servlet.view.GrailsViewResolver.createGrailsView(GrailsViewResolver.java:166)
	at org.codehaus.groovy.grails.web.servlet.view.GrailsViewResolver.loadView(GrailsViewResolver.java:91)
	at org.springframework.web.servlet.view.AbstractCachingViewResolver.createView(AbstractCachingViewResolver.java:241)
	at org.springframework.web.servlet.view.UrlBasedViewResolver.createView(UrlBasedViewResolver.java:401)
	at org.springframework.web.servlet.view.AbstractCachingViewResolver.resolveViewName(AbstractCachingViewResolver.java:143)
	at org.codehaus.groovy.grails.web.servlet.view.GrailsViewResolver.resolveViewName(GrailsViewResolver.java:80)
	at org.codehaus.groovy.grails.web.util.WebUtils.resolveView(WebUtils.java:211)
	at org.codehaus.groovy.grails.web.util.WebUtils.resolveView(WebUtils.java:198)
	at org.codehaus.groovy.grails.web.mapping.filter.UrlMappingsFilter.renderViewForUrlMappingInfo(UrlMappingsFilter.java:401)
	... 39 more
Caused by: org.codehaus.groovy.grails.web.taglib.exceptions.GrailsTagException: Expecting '=' after attribute name (controller: "home").
	at org.codehaus.groovy.grails.web.pages.GroovyPageParser.populateMapWithAttributes(GroovyPageParser.java:1209)
	at org.codehaus.groovy.grails.web.pages.GroovyPageParser.startTag(GroovyPageParser.java:1091)
	at org.codehaus.groovy.grails.web.pages.GroovyPageParser.page(GroovyPageParser.java:843)
	at org.codehaus.groovy.grails.web.pages.GroovyPageParser.generateGsp(GroovyPageParser.java:405)
	at org.codehaus.groovy.grails.web.pages.GroovyPageParser.parse(GroovyPageParser.java:361)
	at org.codehaus.groovy.grails.web.pages.GroovyPagesTemplateEngine.buildPageMetaInfo(GroovyPagesTemplateEngine.java:562)
	at org.codehaus.groovy.grails.web.pages.GroovyPagesTemplateEngine.createTemplate(GroovyPagesTemplateEngine.java:470)
	at org.codehaus.groovy.grails.web.pages.GroovyPagesTemplateEngine.createTemplateWithResource(GroovyPagesTemplateEngine.java:452)
	at org.codehaus.groovy.grails.web.pages.GroovyPagesTemplateEngine.createTemplate(GroovyPagesTemplateEngine.java:258)
	at org.codehaus.groovy.grails.web.pages.GroovyPagesTemplateEngine.createTemplate(GroovyPagesTemplateEngine.java:347)
	at org.codehaus.groovy.grails.web.pages.GroovyPagesTemplateEngine.createTemplateForUri(GroovyPagesTemplateEngine.java:319)
	at org.codehaus.groovy.grails.web.pages.GroovyPagesTemplateEngine.createTemplateForUri(GroovyPagesTemplateEngine.java:312)
	at org.codehaus.groovy.grails.web.pages.GroovyPagesTemplateEngine.createTemplate(GroovyPagesTemplateEngine.java:283)
	at org.codehaus.groovy.grails.web.servlet.view.GroovyPageView.createGroovyPageException(GroovyPageView.java:186)
	at org.codehaus.groovy.grails.web.servlet.view.GroovyPageView.handleException(GroovyPageView.java:182)
	at org.codehaus.groovy.grails.web.servlet.view.GroovyPageView.afterPropertiesSet(GroovyPageView.java:241)
	at org.codehaus.groovy.grails.web.servlet.view.GrailsViewResolver.createGroovyPageView(GrailsViewResolver.java:183)
	... 48 more
2014-03-12 10:48:23,563 [http-bio-8080-exec-3] ERROR StackTrace  - Full Stack Trace:
java.lang.RuntimeException: Error initializing GroovyPageView
	at org.codehaus.groovy.grails.web.servlet.view.GrailsViewResolver.createGroovyPageView(GrailsViewResolver.java:185)
	at org.codehaus.groovy.grails.web.servlet.view.GrailsViewResolver.createGrailsView(GrailsViewResolver.java:166)
	at org.codehaus.groovy.grails.web.servlet.view.GrailsViewResolver.loadView(GrailsViewResolver.java:91)
	at org.springframework.web.servlet.view.AbstractCachingViewResolver.createView(AbstractCachingViewResolver.java:241)
	at org.springframework.web.servlet.view.UrlBasedViewResolver.createView(UrlBasedViewResolver.java:401)
	at org.springframework.web.servlet.view.AbstractCachingViewResolver.resolveViewName(AbstractCachingViewResolver.java:143)
	at org.codehaus.groovy.grails.web.servlet.view.GrailsViewResolver.resolveViewName(GrailsViewResolver.java:80)
	at org.codehaus.groovy.grails.web.util.WebUtils.resolveView(WebUtils.java:211)
	at org.codehaus.groovy.grails.web.util.WebUtils.resolveView(WebUtils.java:198)
	at org.codehaus.groovy.grails.web.mapping.filter.UrlMappingsFilter.renderViewForUrlMappingInfo(UrlMappingsFilter.java:401)
	at org.codehaus.groovy.grails.web.mapping.filter.UrlMappingsFilter.doFilterInternal(UrlMappingsFilter.java:223)
	at org.springframework.web.filter.OncePerRequestFilter.doFilter(OncePerRequestFilter.java:107)
	at org.apache.catalina.core.ApplicationFilterChain.internalDoFilter(ApplicationFilterChain.java:243)
	at org.apache.catalina.core.ApplicationFilterChain.doFilter(ApplicationFilterChain.java:210)
	at org.codehaus.groovy.grails.web.sitemesh.GrailsPageFilter.executeFilterChainWithWrappedResponse(GrailsPageFilter.java:233)
	at org.codehaus.groovy.grails.web.sitemesh.GrailsPageFilter.obtainContent(GrailsPageFilter.java:208)
	at org.codehaus.groovy.grails.web.sitemesh.GrailsPageFilter.doFilter(GrailsPageFilter.java:153)
	at org.apache.catalina.core.ApplicationFilterChain.internalDoFilter(ApplicationFilterChain.java:243)
	at org.apache.catalina.core.ApplicationFilterChain.doFilter(ApplicationFilterChain.java:210)
	at javax.servlet.FilterChain$doFilter.call(Unknown Source)
	at org.grails.plugin.resource.DevModeSanityFilter.doFilter(DevModeSanityFilter.groovy:45)
	at org.apache.catalina.core.ApplicationFilterChain.internalDoFilter(ApplicationFilterChain.java:243)
	at org.apache.catalina.core.ApplicationFilterChain.doFilter(ApplicationFilterChain.java:210)
	at org.codehaus.groovy.grails.web.servlet.mvc.GrailsWebRequestFilter.doFilterInternal(GrailsWebRequestFilter.java:69)
	at org.springframework.web.filter.OncePerRequestFilter.doFilter(OncePerRequestFilter.java:107)
	at org.apache.catalina.core.ApplicationFilterChain.internalDoFilter(ApplicationFilterChain.java:243)
	at org.apache.catalina.core.ApplicationFilterChain.doFilter(ApplicationFilterChain.java:210)
	at org.codehaus.groovy.grails.web.filters.HiddenHttpMethodFilter.doFilterInternal(HiddenHttpMethodFilter.java:67)
	at org.springframework.web.filter.OncePerRequestFilter.doFilter(OncePerRequestFilter.java:107)
	at org.apache.catalina.core.ApplicationFilterChain.internalDoFilter(ApplicationFilterChain.java:243)
	at org.apache.catalina.core.ApplicationFilterChain.doFilter(ApplicationFilterChain.java:210)
	at org.springframework.web.filter.CharacterEncodingFilter.doFilterInternal(CharacterEncodingFilter.java:88)
	at org.springframework.web.filter.OncePerRequestFilter.doFilter(OncePerRequestFilter.java:107)
	at org.springframework.web.filter.DelegatingFilterProxy.invokeDelegate(DelegatingFilterProxy.java:343)
	at org.springframework.web.filter.DelegatingFilterProxy.doFilter(DelegatingFilterProxy.java:260)
	at org.apache.catalina.core.ApplicationFilterChain.internalDoFilter(ApplicationFilterChain.java:243)
	at org.apache.catalina.core.ApplicationFilterChain.doFilter(ApplicationFilterChain.java:210)
	at org.apache.catalina.core.StandardWrapperValve.invoke(StandardWrapperValve.java:222)
	at org.apache.catalina.core.StandardContextValve.invoke(StandardContextValve.java:123)
	at org.apache.catalina.core.StandardHostValve.invoke(StandardHostValve.java:171)
	at org.apache.catalina.valves.ErrorReportValve.invoke(ErrorReportValve.java:100)
	at org.apache.catalina.core.StandardEngineValve.invoke(StandardEngineValve.java:118)
	at org.apache.catalina.connector.CoyoteAdapter.service(CoyoteAdapter.java:409)
	at org.apache.coyote.http11.AbstractHttp11Processor.process(AbstractHttp11Processor.java:1044)
	at org.apache.coyote.AbstractProtocol$AbstractConnectionHandler.process(AbstractProtocol.java:607)
	at org.apache.tomcat.util.net.JIoEndpoint$SocketProcessor.run(JIoEndpoint.java:313)
	at java.util.concurrent.ThreadPoolExecutor$Worker.runTask(ThreadPoolExecutor.java:895)
	at java.util.concurrent.ThreadPoolExecutor$Worker.run(ThreadPoolExecutor.java:918)
	at java.lang.Thread.run(Thread.java:695)
Caused by: org.codehaus.groovy.grails.web.taglib.exceptions.GrailsTagException: Expecting '=' after attribute name (controller: "home").
	at org.codehaus.groovy.grails.web.pages.GroovyPageParser.populateMapWithAttributes(GroovyPageParser.java:1209)
	at org.codehaus.groovy.grails.web.pages.GroovyPageParser.startTag(GroovyPageParser.java:1091)
	at org.codehaus.groovy.grails.web.pages.GroovyPageParser.page(GroovyPageParser.java:843)
	at org.codehaus.groovy.grails.web.pages.GroovyPageParser.generateGsp(GroovyPageParser.java:405)
	at org.codehaus.groovy.grails.web.pages.GroovyPageParser.parse(GroovyPageParser.java:361)
	at org.codehaus.groovy.grails.web.pages.GroovyPagesTemplateEngine.buildPageMetaInfo(GroovyPagesTemplateEngine.java:562)
	at org.codehaus.groovy.grails.web.pages.GroovyPagesTemplateEngine.createTemplate(GroovyPagesTemplateEngine.java:470)
	at org.codehaus.groovy.grails.web.pages.GroovyPagesTemplateEngine.createTemplateWithResource(GroovyPagesTemplateEngine.java:452)
	at org.codehaus.groovy.grails.web.pages.GroovyPagesTemplateEngine.createTemplate(GroovyPagesTemplateEngine.java:258)
	at org.codehaus.groovy.grails.web.pages.GroovyPagesTemplateEngine.createTemplate(GroovyPagesTemplateEngine.java:347)
	at org.codehaus.groovy.grails.web.pages.GroovyPagesTemplateEngine.createTemplateForUri(GroovyPagesTemplateEngine.java:319)
	at org.codehaus.groovy.grails.web.pages.GroovyPagesTemplateEngine.createTemplateForUri(GroovyPagesTemplateEngine.java:312)
	at org.codehaus.groovy.grails.web.pages.GroovyPagesTemplateEngine.createTemplate(GroovyPagesTemplateEngine.java:283)
	at org.codehaus.groovy.grails.web.servlet.view.GroovyPageView.createGroovyPageException(GroovyPageView.java:186)
	at org.codehaus.groovy.grails.web.servlet.view.GroovyPageView.handleException(GroovyPageView.java:182)
	at org.codehaus.groovy.grails.web.servlet.view.GroovyPageView.afterPropertiesSet(GroovyPageView.java:241)
	at org.codehaus.groovy.grails.web.servlet.view.GrailsViewResolver.createGroovyPageView(GrailsViewResolver.java:183)
	... 48 more
2014-03-12 10:48:23,563 [http-bio-8080-exec-3] ERROR StackTrace  - Full Stack Trace:
org.codehaus.groovy.grails.web.taglib.exceptions.GrailsTagException: Expecting '=' after attribute name (controller: "home").
	at org.codehaus.groovy.grails.web.pages.GroovyPageParser.populateMapWithAttributes(GroovyPageParser.java:1209)
	at org.codehaus.groovy.grails.web.pages.GroovyPageParser.startTag(GroovyPageParser.java:1091)
	at org.codehaus.groovy.grails.web.pages.GroovyPageParser.page(GroovyPageParser.java:843)
	at org.codehaus.groovy.grails.web.pages.GroovyPageParser.generateGsp(GroovyPageParser.java:405)
	at org.codehaus.groovy.grails.web.pages.GroovyPageParser.parse(GroovyPageParser.java:361)
	at org.codehaus.groovy.grails.web.pages.GroovyPagesTemplateEngine.buildPageMetaInfo(GroovyPagesTemplateEngine.java:562)
	at org.codehaus.groovy.grails.web.pages.GroovyPagesTemplateEngine.createTemplate(GroovyPagesTemplateEngine.java:470)
	at org.codehaus.groovy.grails.web.pages.GroovyPagesTemplateEngine.createTemplateWithResource(GroovyPagesTemplateEngine.java:452)
	at org.codehaus.groovy.grails.web.pages.GroovyPagesTemplateEngine.createTemplate(GroovyPagesTemplateEngine.java:258)
	at org.codehaus.groovy.grails.web.pages.GroovyPagesTemplateEngine.createTemplate(GroovyPagesTemplateEngine.java:347)
	at org.codehaus.groovy.grails.web.pages.GroovyPagesTemplateEngine.createTemplateForUri(GroovyPagesTemplateEngine.java:319)
	at org.codehaus.groovy.grails.web.pages.GroovyPagesTemplateEngine.createTemplateForUri(GroovyPagesTemplateEngine.java:312)
	at org.codehaus.groovy.grails.web.pages.GroovyPagesTemplateEngine.createTemplate(GroovyPagesTemplateEngine.java:283)
	at org.codehaus.groovy.grails.web.servlet.view.GroovyPageView.createGroovyPageException(GroovyPageView.java:186)
	at org.codehaus.groovy.grails.web.servlet.view.GroovyPageView.handleException(GroovyPageView.java:182)
	at org.codehaus.groovy.grails.web.servlet.view.GroovyPageView.afterPropertiesSet(GroovyPageView.java:241)
	at org.codehaus.groovy.grails.web.servlet.view.GrailsViewResolver.createGroovyPageView(GrailsViewResolver.java:183)
	at org.codehaus.groovy.grails.web.servlet.view.GrailsViewResolver.createGrailsView(GrailsViewResolver.java:166)
	at org.codehaus.groovy.grails.web.servlet.view.GrailsViewResolver.loadView(GrailsViewResolver.java:91)
	at org.springframework.web.servlet.view.AbstractCachingViewResolver.createView(AbstractCachingViewResolver.java:241)
	at org.springframework.web.servlet.view.UrlBasedViewResolver.createView(UrlBasedViewResolver.java:401)
	at org.springframework.web.servlet.view.AbstractCachingViewResolver.resolveViewName(AbstractCachingViewResolver.java:143)
	at org.codehaus.groovy.grails.web.servlet.view.GrailsViewResolver.resolveViewName(GrailsViewResolver.java:80)
	at org.codehaus.groovy.grails.web.util.WebUtils.resolveView(WebUtils.java:211)
	at org.codehaus.groovy.grails.web.util.WebUtils.resolveView(WebUtils.java:198)
	at org.codehaus.groovy.grails.web.mapping.filter.UrlMappingsFilter.renderViewForUrlMappingInfo(UrlMappingsFilter.java:401)
	at org.codehaus.groovy.grails.web.mapping.filter.UrlMappingsFilter.doFilterInternal(UrlMappingsFilter.java:223)
	at org.springframework.web.filter.OncePerRequestFilter.doFilter(OncePerRequestFilter.java:107)
	at org.apache.catalina.core.ApplicationFilterChain.internalDoFilter(ApplicationFilterChain.java:243)
	at org.apache.catalina.core.ApplicationFilterChain.doFilter(ApplicationFilterChain.java:210)
	at org.codehaus.groovy.grails.web.sitemesh.GrailsPageFilter.executeFilterChainWithWrappedResponse(GrailsPageFilter.java:233)
	at org.codehaus.groovy.grails.web.sitemesh.GrailsPageFilter.obtainContent(GrailsPageFilter.java:208)
	at org.codehaus.groovy.grails.web.sitemesh.GrailsPageFilter.doFilter(GrailsPageFilter.java:153)
	at org.apache.catalina.core.ApplicationFilterChain.internalDoFilter(ApplicationFilterChain.java:243)
	at org.apache.catalina.core.ApplicationFilterChain.doFilter(ApplicationFilterChain.java:210)
	at javax.servlet.FilterChain$doFilter.call(Unknown Source)
	at org.grails.plugin.resource.DevModeSanityFilter.doFilter(DevModeSanityFilter.groovy:45)
	at org.apache.catalina.core.ApplicationFilterChain.internalDoFilter(ApplicationFilterChain.java:243)
	at org.apache.catalina.core.ApplicationFilterChain.doFilter(ApplicationFilterChain.java:210)
	at org.codehaus.groovy.grails.web.servlet.mvc.GrailsWebRequestFilter.doFilterInternal(GrailsWebRequestFilter.java:69)
	at org.springframework.web.filter.OncePerRequestFilter.doFilter(OncePerRequestFilter.java:107)
	at org.apache.catalina.core.ApplicationFilterChain.internalDoFilter(ApplicationFilterChain.java:243)
	at org.apache.catalina.core.ApplicationFilterChain.doFilter(ApplicationFilterChain.java:210)
	at org.codehaus.groovy.grails.web.filters.HiddenHttpMethodFilter.doFilterInternal(HiddenHttpMethodFilter.java:67)
	at org.springframework.web.filter.OncePerRequestFilter.doFilter(OncePerRequestFilter.java:107)
	at org.apache.catalina.core.ApplicationFilterChain.internalDoFilter(ApplicationFilterChain.java:243)
	at org.apache.catalina.core.ApplicationFilterChain.doFilter(ApplicationFilterChain.java:210)
	at org.springframework.web.filter.CharacterEncodingFilter.doFilterInternal(CharacterEncodingFilter.java:88)
	at org.springframework.web.filter.OncePerRequestFilter.doFilter(OncePerRequestFilter.java:107)
	at org.springframework.web.filter.DelegatingFilterProxy.invokeDelegate(DelegatingFilterProxy.java:343)
	at org.springframework.web.filter.DelegatingFilterProxy.doFilter(DelegatingFilterProxy.java:260)
	at org.apache.catalina.core.ApplicationFilterChain.internalDoFilter(ApplicationFilterChain.java:243)
	at org.apache.catalina.core.ApplicationFilterChain.doFilter(ApplicationFilterChain.java:210)
	at org.apache.catalina.core.StandardWrapperValve.invoke(StandardWrapperValve.java:222)
	at org.apache.catalina.core.StandardContextValve.invoke(StandardContextValve.java:123)
	at org.apache.catalina.core.StandardHostValve.invoke(StandardHostValve.java:171)
	at org.apache.catalina.valves.ErrorReportValve.invoke(ErrorReportValve.java:100)
	at org.apache.catalina.core.StandardEngineValve.invoke(StandardEngineValve.java:118)
	at org.apache.catalina.connector.CoyoteAdapter.service(CoyoteAdapter.java:409)
	at org.apache.coyote.http11.AbstractHttp11Processor.process(AbstractHttp11Processor.java:1044)
	at org.apache.coyote.AbstractProtocol$AbstractConnectionHandler.process(AbstractProtocol.java:607)
	at org.apache.tomcat.util.net.JIoEndpoint$SocketProcessor.run(JIoEndpoint.java:313)
	at java.util.concurrent.ThreadPoolExecutor$Worker.runTask(ThreadPoolExecutor.java:895)
	at java.util.concurrent.ThreadPoolExecutor$Worker.run(ThreadPoolExecutor.java:918)
	at java.lang.Thread.run(Thread.java:695)
2014-03-12 10:48:23,563 [http-bio-8080-exec-3] ERROR StackTrace  - Full Stack Trace:
org.codehaus.groovy.grails.web.mapping.exceptions.UrlMappingException: Error mapping onto view [/index]: Error initializing GroovyPageView
	at java.util.concurrent.ThreadPoolExecutor$Worker.runTask(ThreadPoolExecutor.java:895)
	at java.util.concurrent.ThreadPoolExecutor$Worker.run(ThreadPoolExecutor.java:918)
	at java.lang.Thread.run(Thread.java:695)
Caused by: java.lang.RuntimeException: Error initializing GroovyPageView
	... 3 more
Caused by: org.codehaus.groovy.grails.web.taglib.exceptions.GrailsTagException: Expecting '=' after attribute name (controller: "home").
	... 3 more
2014-03-12 10:48:23,565 [http-bio-8080-exec-3] ERROR StackTrace  - Full Stack Trace:
org.codehaus.groovy.grails.web.mapping.exceptions.UrlMappingException: Error mapping onto view [/index]: Error initializing GroovyPageView
	at java.util.concurrent.ThreadPoolExecutor$Worker.runTask(ThreadPoolExecutor.java:895)
	at java.util.concurrent.ThreadPoolExecutor$Worker.run(ThreadPoolExecutor.java:918)
	at java.lang.Thread.run(Thread.java:695)
Caused by: java.lang.RuntimeException: Error initializing GroovyPageView
	... 3 more
Caused by: org.codehaus.groovy.grails.web.taglib.exceptions.GrailsTagException: Expecting '=' after attribute name (controller: "home").
	... 3 more
2014-03-12 10:48:23,565 [http-bio-8080-exec-3] ERROR StackTrace  - Full Stack Trace:
java.lang.RuntimeException: Error initializing GroovyPageView
	at java.util.concurrent.ThreadPoolExecutor$Worker.runTask(ThreadPoolExecutor.java:895)
	at java.util.concurrent.ThreadPoolExecutor$Worker.run(ThreadPoolExecutor.java:918)
	at java.lang.Thread.run(Thread.java:695)
Caused by: org.codehaus.groovy.grails.web.taglib.exceptions.GrailsTagException: Expecting '=' after attribute name (controller: "home").
	... 3 more
2014-03-12 10:48:23,565 [http-bio-8080-exec-3] ERROR StackTrace  - Full Stack Trace:
org.codehaus.groovy.grails.web.taglib.exceptions.GrailsTagException: Expecting '=' after attribute name (controller: "home").
	at java.util.concurrent.ThreadPoolExecutor$Worker.runTask(ThreadPoolExecutor.java:895)
	at java.util.concurrent.ThreadPoolExecutor$Worker.run(ThreadPoolExecutor.java:918)
	at java.lang.Thread.run(Thread.java:695)
2014-03-12 10:48:23,565 [http-bio-8080-exec-3] ERROR StackTrace  - Full Stack Trace:
org.codehaus.groovy.grails.web.mapping.exceptions.UrlMappingException: Error mapping onto view [/index]: Error initializing GroovyPageView
	at java.util.concurrent.ThreadPoolExecutor$Worker.runTask(ThreadPoolExecutor.java:895)
	at java.util.concurrent.ThreadPoolExecutor$Worker.run(ThreadPoolExecutor.java:918)
	at java.lang.Thread.run(Thread.java:695)
Caused by: java.lang.RuntimeException: Error initializing GroovyPageView
	... 3 more
Caused by: org.codehaus.groovy.grails.web.taglib.exceptions.GrailsTagException: Expecting '=' after attribute name (controller: "home").
	... 3 more
2014-03-12 10:48:23,574 [http-bio-8080-exec-3] ERROR StackTrace  - Full Stack Trace:
org.codehaus.groovy.grails.web.mapping.exceptions.UrlMappingException: Error mapping onto view [/index]: Error initializing GroovyPageView
	at java.util.concurrent.ThreadPoolExecutor$Worker.runTask(ThreadPoolExecutor.java:895)
	at java.util.concurrent.ThreadPoolExecutor$Worker.run(ThreadPoolExecutor.java:918)
	at java.lang.Thread.run(Thread.java:695)
Caused by: java.lang.RuntimeException: Error initializing GroovyPageView
	... 3 more
Caused by: org.codehaus.groovy.grails.web.taglib.exceptions.GrailsTagException: Expecting '=' after attribute name (controller: "home").
	... 3 more
2014-03-12 10:48:23,574 [http-bio-8080-exec-3] ERROR StackTrace  - Full Stack Trace:
java.lang.RuntimeException: Error initializing GroovyPageView
	at java.util.concurrent.ThreadPoolExecutor$Worker.runTask(ThreadPoolExecutor.java:895)
	at java.util.concurrent.ThreadPoolExecutor$Worker.run(ThreadPoolExecutor.java:918)
	at java.lang.Thread.run(Thread.java:695)
Caused by: org.codehaus.groovy.grails.web.taglib.exceptions.GrailsTagException: Expecting '=' after attribute name (controller: "home").
	... 3 more
2014-03-12 10:48:23,574 [http-bio-8080-exec-3] ERROR StackTrace  - Full Stack Trace:
org.codehaus.groovy.grails.web.taglib.exceptions.GrailsTagException: Expecting '=' after attribute name (controller: "home").
	at java.util.concurrent.ThreadPoolExecutor$Worker.runTask(ThreadPoolExecutor.java:895)
	at java.util.concurrent.ThreadPoolExecutor$Worker.run(ThreadPoolExecutor.java:918)
	at java.lang.Thread.run(Thread.java:695)
2014-03-12 10:48:23,574 [http-bio-8080-exec-3] ERROR StackTrace  - Full Stack Trace:
org.codehaus.groovy.grails.web.mapping.exceptions.UrlMappingException: Error mapping onto view [/index]: Error initializing GroovyPageView
	at java.util.concurrent.ThreadPoolExecutor$Worker.runTask(ThreadPoolExecutor.java:895)
	at java.util.concurrent.ThreadPoolExecutor$Worker.run(ThreadPoolExecutor.java:918)
	at java.lang.Thread.run(Thread.java:695)
Caused by: java.lang.RuntimeException: Error initializing GroovyPageView
	... 3 more
Caused by: org.codehaus.groovy.grails.web.taglib.exceptions.GrailsTagException: Expecting '=' after attribute name (controller: "home").
	... 3 more
2014-03-12 10:52:01,660 [http-bio-8080-exec-3] ERROR StackTrace  - Full Stack Trace:
org.codehaus.groovy.grails.exceptions.InvalidPropertyException: No property found for name [author] for class [class edu.bvu.baconblog.Post]
	at org.codehaus.groovy.grails.commons.DefaultGrailsDomainClass.getPropertyByName(DefaultGrailsDomainClass.java:665)
	at org.codehaus.groovy.grails.orm.hibernate.metaclass.AbstractClausedStaticPersistentMethod$GrailsMethodExpression.setArguments(AbstractClausedStaticPersistentMethod.java:141)
	at org.codehaus.groovy.grails.orm.hibernate.metaclass.AbstractClausedStaticPersistentMethod.doInvokeInternal(AbstractClausedStaticPersistentMethod.java:501)
	at org.codehaus.groovy.grails.orm.hibernate.metaclass.AbstractClausedStaticPersistentMethod.doInvokeInternal(AbstractClausedStaticPersistentMethod.java:401)
	at org.codehaus.groovy.grails.orm.hibernate.metaclass.AbstractStaticPersistentMethod.invoke(AbstractStaticPersistentMethod.java:79)
	at org.codehaus.groovy.grails.orm.hibernate.metaclass.AbstractStaticPersistentMethod.invoke(AbstractStaticPersistentMethod.java:72)
	at org.codehaus.groovy.grails.commons.metaclass.StaticMethodInvocation$invoke$0.call(Unknown Source)
	at org.codehaus.groovy.runtime.callsite.CallSiteArray.defaultCall(CallSiteArray.java:45)
	at org.codehaus.groovy.runtime.callsite.AbstractCallSite.call(AbstractCallSite.java:108)
	at org.codehaus.groovy.runtime.callsite.AbstractCallSite.call(AbstractCallSite.java:124)
	at org.grails.datastore.gorm.GormStaticApi.methodMissing(GormStaticApi.groovy:105)
	at edu.bvu.baconblog.Post.$static_methodMissing(Post.groovy)
	at sun.reflect.NativeMethodAccessorImpl.invoke0(Native Method)
	at sun.reflect.NativeMethodAccessorImpl.invoke(NativeMethodAccessorImpl.java:39)
	at sun.reflect.DelegatingMethodAccessorImpl.invoke(DelegatingMethodAccessorImpl.java:25)
	at java.lang.reflect.Method.invoke(Method.java:597)
	at org.springsource.loaded.ri.OriginalClassInvoker.invoke(OriginalClassInvoker.java:47)
	at org.springsource.loaded.ri.ReflectiveInterceptor.jlrMethodInvoke(ReflectiveInterceptor.java:1283)
	at org.codehaus.groovy.reflection.CachedMethod.invoke(CachedMethod.java:90)
	at groovy.lang.MetaClassImpl.invokeStaticMissingMethod(MetaClassImpl.java:1372)
	at groovy.lang.MetaClassImpl.invokeStaticMethod(MetaClassImpl.java:1360)
	at groovy.lang.ExpandoMetaClass.invokeStaticMethod(ExpandoMetaClass.java:1123)
	at org.codehaus.groovy.runtime.callsite.StaticMetaClassSite.call(StaticMetaClassSite.java:50)
	at org.codehaus.groovy.runtime.callsite.CallSiteArray.defaultCall(CallSiteArray.java:45)
	at org.codehaus.groovy.runtime.callsite.AbstractCallSite.call(AbstractCallSite.java:108)
	at org.codehaus.groovy.runtime.callsite.AbstractCallSite.call(AbstractCallSite.java:116)
	at edu.bvu.baconblog.HomeController$$EOYJJGvg.index(HomeController.groovy:7)
	at sun.reflect.NativeMethodAccessorImpl.invoke0(Native Method)
	at sun.reflect.NativeMethodAccessorImpl.invoke(NativeMethodAccessorImpl.java:39)
	at sun.reflect.DelegatingMethodAccessorImpl.invoke(DelegatingMethodAccessorImpl.java:25)
	at java.lang.reflect.Method.invoke(Method.java:597)
	at org.springsource.loaded.ri.ReloadedTypeInvoker$2.invoke(ReloadedTypeInvoker.java:122)
	at org.springsource.loaded.ri.ReflectiveInterceptor.jlrMethodInvoke(ReflectiveInterceptor.java:1283)
	at org.codehaus.groovy.grails.web.servlet.mvc.MixedGrailsControllerHelper.invoke(MixedGrailsControllerHelper.java:154)
	at org.codehaus.groovy.grails.web.servlet.mvc.AbstractGrailsControllerHelper.handleAction(AbstractGrailsControllerHelper.java:357)
	at org.codehaus.groovy.grails.web.servlet.mvc.AbstractGrailsControllerHelper.executeAction(AbstractGrailsControllerHelper.java:234)
	at org.codehaus.groovy.grails.web.servlet.mvc.AbstractGrailsControllerHelper.handleURI(AbstractGrailsControllerHelper.java:200)
	at org.codehaus.groovy.grails.web.servlet.mvc.AbstractGrailsControllerHelper.handleURI(AbstractGrailsControllerHelper.java:121)
	at org.codehaus.groovy.grails.web.servlet.mvc.SimpleGrailsController.handleRequest(SimpleGrailsController.java:72)
	at org.springframework.web.servlet.mvc.SimpleControllerHandlerAdapter.handle(SimpleControllerHandlerAdapter.java:48)
	at org.codehaus.groovy.grails.web.servlet.GrailsDispatcherServlet.doDispatch(GrailsDispatcherServlet.java:355)
	at org.springframework.web.servlet.DispatcherServlet.doService(DispatcherServlet.java:856)
	at org.springframework.web.servlet.FrameworkServlet.processRequest(FrameworkServlet.java:953)
	at org.springframework.web.servlet.FrameworkServlet.doPost(FrameworkServlet.java:855)
	at javax.servlet.http.HttpServlet.service(HttpServlet.java:647)
	at org.springframework.web.servlet.FrameworkServlet.service(FrameworkServlet.java:829)
	at javax.servlet.http.HttpServlet.service(HttpServlet.java:728)
	at org.apache.catalina.core.ApplicationFilterChain.internalDoFilter(ApplicationFilterChain.java:305)
	at org.apache.catalina.core.ApplicationFilterChain.doFilter(ApplicationFilterChain.java:210)
	at grails.plugin.cache.web.filter.PageFragmentCachingFilter.doFilter(PageFragmentCachingFilter.java:200)
	at grails.plugin.cache.web.filter.AbstractFilter.doFilter(AbstractFilter.java:63)
	at org.springframework.web.filter.DelegatingFilterProxy.invokeDelegate(DelegatingFilterProxy.java:343)
	at org.springframework.web.filter.DelegatingFilterProxy.doFilter(DelegatingFilterProxy.java:260)
	at org.apache.catalina.core.ApplicationFilterChain.internalDoFilter(ApplicationFilterChain.java:243)
	at org.apache.catalina.core.ApplicationFilterChain.doFilter(ApplicationFilterChain.java:210)
	at org.springframework.web.filter.OncePerRequestFilter.doFilter(OncePerRequestFilter.java:101)
	at org.apache.catalina.core.ApplicationFilterChain.internalDoFilter(ApplicationFilterChain.java:243)
	at org.apache.catalina.core.ApplicationFilterChain.doFilter(ApplicationFilterChain.java:210)
	at org.springframework.web.filter.OncePerRequestFilter.doFilter(OncePerRequestFilter.java:101)
	at org.apache.catalina.core.ApplicationFilterChain.internalDoFilter(ApplicationFilterChain.java:243)
	at org.apache.catalina.core.ApplicationFilterChain.doFilter(ApplicationFilterChain.java:210)
	at org.springframework.web.filter.OncePerRequestFilter.doFilter(OncePerRequestFilter.java:101)
	at org.apache.catalina.core.ApplicationFilterChain.internalDoFilter(ApplicationFilterChain.java:243)
	at org.apache.catalina.core.ApplicationFilterChain.doFilter(ApplicationFilterChain.java:210)
	at org.apache.catalina.core.ApplicationDispatcher.invoke(ApplicationDispatcher.java:749)
	at org.apache.catalina.core.ApplicationDispatcher.processRequest(ApplicationDispatcher.java:487)
	at org.apache.catalina.core.ApplicationDispatcher.doForward(ApplicationDispatcher.java:412)
	at org.apache.catalina.core.ApplicationDispatcher.forward(ApplicationDispatcher.java:339)
	at org.codehaus.groovy.grails.web.util.WebUtils.forwardRequestForUrlMappingInfo(WebUtils.java:330)
	at org.codehaus.groovy.grails.web.util.WebUtils.forwardRequestForUrlMappingInfo(WebUtils.java:295)
	at org.codehaus.groovy.grails.web.util.WebUtils.forwardRequestForUrlMappingInfo(WebUtils.java:286)
	at org.codehaus.groovy.grails.web.mapping.filter.UrlMappingsFilter.doFilterInternal(UrlMappingsFilter.java:217)
	at org.springframework.web.filter.OncePerRequestFilter.doFilter(OncePerRequestFilter.java:107)
	at org.apache.catalina.core.ApplicationFilterChain.internalDoFilter(ApplicationFilterChain.java:243)
	at org.apache.catalina.core.ApplicationFilterChain.doFilter(ApplicationFilterChain.java:210)
	at org.codehaus.groovy.grails.web.sitemesh.GrailsPageFilter.executeFilterChainWithWrappedResponse(GrailsPageFilter.java:233)
	at org.codehaus.groovy.grails.web.sitemesh.GrailsPageFilter.obtainContent(GrailsPageFilter.java:208)
	at org.codehaus.groovy.grails.web.sitemesh.GrailsPageFilter.doFilter(GrailsPageFilter.java:153)
	at org.apache.catalina.core.ApplicationFilterChain.internalDoFilter(ApplicationFilterChain.java:243)
	at org.apache.catalina.core.ApplicationFilterChain.doFilter(ApplicationFilterChain.java:210)
	at javax.servlet.FilterChain$doFilter.call(Unknown Source)
	at org.grails.plugin.resource.DevModeSanityFilter.doFilter(DevModeSanityFilter.groovy:45)
	at org.apache.catalina.core.ApplicationFilterChain.internalDoFilter(ApplicationFilterChain.java:243)
	at org.apache.catalina.core.ApplicationFilterChain.doFilter(ApplicationFilterChain.java:210)
	at org.codehaus.groovy.grails.web.servlet.mvc.GrailsWebRequestFilter.doFilterInternal(GrailsWebRequestFilter.java:69)
	at org.springframework.web.filter.OncePerRequestFilter.doFilter(OncePerRequestFilter.java:107)
	at org.apache.catalina.core.ApplicationFilterChain.internalDoFilter(ApplicationFilterChain.java:243)
	at org.apache.catalina.core.ApplicationFilterChain.doFilter(ApplicationFilterChain.java:210)
	at org.codehaus.groovy.grails.web.filters.HiddenHttpMethodFilter.doFilterInternal(HiddenHttpMethodFilter.java:67)
	at org.springframework.web.filter.OncePerRequestFilter.doFilter(OncePerRequestFilter.java:107)
	at org.apache.catalina.core.ApplicationFilterChain.internalDoFilter(ApplicationFilterChain.java:243)
	at org.apache.catalina.core.ApplicationFilterChain.doFilter(ApplicationFilterChain.java:210)
	at org.springframework.web.filter.CharacterEncodingFilter.doFilterInternal(CharacterEncodingFilter.java:88)
	at org.springframework.web.filter.OncePerRequestFilter.doFilter(OncePerRequestFilter.java:107)
	at org.springframework.web.filter.DelegatingFilterProxy.invokeDelegate(DelegatingFilterProxy.java:343)
	at org.springframework.web.filter.DelegatingFilterProxy.doFilter(DelegatingFilterProxy.java:260)
	at org.apache.catalina.core.ApplicationFilterChain.internalDoFilter(ApplicationFilterChain.java:243)
	at org.apache.catalina.core.ApplicationFilterChain.doFilter(ApplicationFilterChain.java:210)
	at org.apache.catalina.core.StandardWrapperValve.invoke(StandardWrapperValve.java:222)
	at org.apache.catalina.core.StandardContextValve.invoke(StandardContextValve.java:123)
	at org.apache.catalina.core.StandardHostValve.invoke(StandardHostValve.java:171)
	at org.apache.catalina.valves.ErrorReportValve.invoke(ErrorReportValve.java:100)
	at org.apache.catalina.core.StandardEngineValve.invoke(StandardEngineValve.java:118)
	at org.apache.catalina.connector.CoyoteAdapter.service(CoyoteAdapter.java:409)
	at org.apache.coyote.http11.AbstractHttp11Processor.process(AbstractHttp11Processor.java:1044)
	at org.apache.coyote.AbstractProtocol$AbstractConnectionHandler.process(AbstractProtocol.java:607)
	at org.apache.tomcat.util.net.JIoEndpoint$SocketProcessor.run(JIoEndpoint.java:313)
	at java.util.concurrent.ThreadPoolExecutor$Worker.runTask(ThreadPoolExecutor.java:895)
	at java.util.concurrent.ThreadPoolExecutor$Worker.run(ThreadPoolExecutor.java:918)
	at java.lang.Thread.run(Thread.java:695)
2014-03-12 10:52:01,660 [http-bio-8080-exec-3] ERROR StackTrace  - Full Stack Trace:
org.codehaus.groovy.grails.exceptions.InvalidPropertyException: No property found for name [author] for class [class edu.bvu.baconblog.Post]
	at org.grails.datastore.gorm.GormStaticApi.methodMissing(GormStaticApi.groovy:105)
	at edu.bvu.baconblog.HomeController$$EOYJJGvg.index(HomeController.groovy:7)
	at grails.plugin.cache.web.filter.PageFragmentCachingFilter.doFilter(PageFragmentCachingFilter.java:200)
	at grails.plugin.cache.web.filter.AbstractFilter.doFilter(AbstractFilter.java:63)
	at java.util.concurrent.ThreadPoolExecutor$Worker.runTask(ThreadPoolExecutor.java:895)
	at java.util.concurrent.ThreadPoolExecutor$Worker.run(ThreadPoolExecutor.java:918)
	at java.lang.Thread.run(Thread.java:695)
2014-03-12 10:52:01,662 [http-bio-8080-exec-3] ERROR StackTrace  - Full Stack Trace:
org.codehaus.groovy.grails.exceptions.InvalidPropertyException: No property found for name [author] for class [class edu.bvu.baconblog.Post]
	at org.grails.datastore.gorm.GormStaticApi.methodMissing(GormStaticApi.groovy:105)
	at edu.bvu.baconblog.HomeController$$EOYJJGvg.index(HomeController.groovy:7)
	at grails.plugin.cache.web.filter.PageFragmentCachingFilter.doFilter(PageFragmentCachingFilter.java:200)
	at grails.plugin.cache.web.filter.AbstractFilter.doFilter(AbstractFilter.java:63)
	at java.util.concurrent.ThreadPoolExecutor$Worker.runTask(ThreadPoolExecutor.java:895)
	at java.util.concurrent.ThreadPoolExecutor$Worker.run(ThreadPoolExecutor.java:918)
	at java.lang.Thread.run(Thread.java:695)
2014-03-12 10:52:01,662 [http-bio-8080-exec-3] ERROR StackTrace  - Full Stack Trace:
org.codehaus.groovy.grails.exceptions.InvalidPropertyException: No property found for name [author] for class [class edu.bvu.baconblog.Post]
	at org.grails.datastore.gorm.GormStaticApi.methodMissing(GormStaticApi.groovy:105)
	at edu.bvu.baconblog.HomeController$$EOYJJGvg.index(HomeController.groovy:7)
	at grails.plugin.cache.web.filter.PageFragmentCachingFilter.doFilter(PageFragmentCachingFilter.java:200)
	at grails.plugin.cache.web.filter.AbstractFilter.doFilter(AbstractFilter.java:63)
	at java.util.concurrent.ThreadPoolExecutor$Worker.runTask(ThreadPoolExecutor.java:895)
	at java.util.concurrent.ThreadPoolExecutor$Worker.run(ThreadPoolExecutor.java:918)
	at java.lang.Thread.run(Thread.java:695)
2014-03-12 10:52:01,663 [http-bio-8080-exec-3] ERROR StackTrace  - Full Stack Trace:
org.codehaus.groovy.grails.exceptions.InvalidPropertyException: No property found for name [author] for class [class edu.bvu.baconblog.Post]
	at org.grails.datastore.gorm.GormStaticApi.methodMissing(GormStaticApi.groovy:105)
	at edu.bvu.baconblog.HomeController$$EOYJJGvg.index(HomeController.groovy:7)
	at grails.plugin.cache.web.filter.PageFragmentCachingFilter.doFilter(PageFragmentCachingFilter.java:200)
	at grails.plugin.cache.web.filter.AbstractFilter.doFilter(AbstractFilter.java:63)
	at java.util.concurrent.ThreadPoolExecutor$Worker.runTask(ThreadPoolExecutor.java:895)
	at java.util.concurrent.ThreadPoolExecutor$Worker.run(ThreadPoolExecutor.java:918)
	at java.lang.Thread.run(Thread.java:695)
2014-03-12 10:52:01,663 [http-bio-8080-exec-3] ERROR StackTrace  - Full Stack Trace:
org.codehaus.groovy.grails.exceptions.InvalidPropertyException: No property found for name [author] for class [class edu.bvu.baconblog.Post]
	at org.grails.datastore.gorm.GormStaticApi.methodMissing(GormStaticApi.groovy:105)
	at edu.bvu.baconblog.HomeController$$EOYJJGvg.index(HomeController.groovy:7)
	at grails.plugin.cache.web.filter.PageFragmentCachingFilter.doFilter(PageFragmentCachingFilter.java:200)
	at grails.plugin.cache.web.filter.AbstractFilter.doFilter(AbstractFilter.java:63)
	at java.util.concurrent.ThreadPoolExecutor$Worker.runTask(ThreadPoolExecutor.java:895)
	at java.util.concurrent.ThreadPoolExecutor$Worker.run(ThreadPoolExecutor.java:918)
	at java.lang.Thread.run(Thread.java:695)
